>Cluster 0
0	30448nt, >OQ503505.1... *
1	30325nt, >OQ503504.1... at +/0.996834
2	30256nt, >MK211376.1... at +/0.999405
3	30119nt, >OK017847.1... at +/0.991965
4	30119nt, >OK017850.1... at +/0.996248
5	30119nt, >OK017851.1... at +/0.996215
6	30118nt, >OK017849.1... at +/0.997012
7	30010nt, >OK017848.1... at +/0.995202
8	27141nt, >OQ503503.1... at +/0.985446
>Cluster 1
0	30385nt, >OQ503500.1... *
1	30309nt, >KF367457.1... at +/0.998449
2	29792nt, >KC881006.1... at +/0.995804
>Cluster 2
0	30311nt, >KY417150.1... *
1	30290nt, >KT444582.1... at +/0.998745
>Cluster 3
0	30307nt, >KY417151.1... *
>Cluster 4
0	30213nt, >MK211378.1... *
>Cluster 5
0	30172nt, >OQ503498.1... *
1	29660nt, >OQ503499.1... at +/0.999123
>Cluster 6
0	30146nt, >MW681002.1... *
1	29712nt, >PQ577584.1... at +/0.999529
2	29701nt, >PQ577580.1... at +/0.999495
3	29690nt, >PQ577586.1... at +/1
4	29665nt, >PQ577585.1... at +/0.985033
>Cluster 7
0	29903nt, >NC_045512.2... *
1	29903nt, >HG994854.1... at +/0.995485
2	29903nt, >HG994857.1... at +/0.995218
3	29903nt, >HG994855.1... at +/0.995218
4	29903nt, >HG994858.1... at +/0.984684
5	29903nt, >HG994859.1... at +/0.98542
6	29900nt, >HG994852.1... at +/0.995251
>Cluster 8
0	29903nt, >HG994856.1... *
>Cluster 9
0	29903nt, >HG994860.1... *
>Cluster 10
0	29901nt, >HG994853.1... *
>Cluster 11
0	29879nt, >OQ297701.1... *
>Cluster 12
0	29874nt, >MK062183.1... *
1	29874nt, >MK062184.1... at +/0.999799
2	29767nt, >AY559083.1... at +/0.986529
3	29765nt, >AY394994.1... at +/0.995129
4	29765nt, >AY394995.1... at +/0.993818
5	29760nt, >AY390556.1... at +/0.993448
6	29757nt, >AY278489.2... at +/0.992439
7	29754nt, >AY313906.1... at +/0.995799
8	29751nt, >AY323977.2... at +/0.996101
9	29751nt, >AY864806.1... at +/0.996202
10	29751nt, >DQ898174.1... at +/0.996504
11	29751nt, >NC_004718.3... at +/0.996471
12	29751nt, >AY864805.1... at +/0.996303
13	29749nt, >AY351680.1... at +/0.987395
14	29746nt, >DQ640652.1... at +/0.994924
15	29745nt, >AY357076.1... at +/0.996033
16	29745nt, >AY654624.1... at +/0.994924
17	29745nt, >AY278487.3... at +/0.996033
18	29742nt, >AY278491.2... at +/0.996201
19	29741nt, >AY304486.1... at +/0.993645
20	29741nt, >AY485277.1... at +/0.99657
21	29740nt, >AY485278.1... at +/0.996335
22	29740nt, >AY310120.1... at +/0.996032
23	29740nt, >AY278490.3... at +/0.995595
24	29739nt, >AY545919.1... at +/0.990047
25	29739nt, >AY545917.1... at +/0.988298
26	29738nt, >AY357075.1... at +/0.995965
27	29738nt, >AY350750.1... at +/0.995898
28	29737nt, >AY545918.1... at +/0.988432
29	29736nt, >AY278554.2... at +/0.996301
30	29736nt, >AY394998.1... at +/0.996503
31	29736nt, >AY394993.1... at +/0.995964
32	29736nt, >AY394991.1... at +/0.995796
33	29736nt, >AY394992.1... at +/0.996301
34	29736nt, >AY282752.2... at +/0.996469
35	29736nt, >AY345986.1... at +/0.996435
36	29736nt, >AY394989.1... at +/0.996368
37	29736nt, >AY394990.1... at +/0.996368
38	29736nt, >AY345988.1... at +/0.996267
39	29732nt, >AY279354.2... at +/0.996132
40	29731nt, >AY304488.1... at +/0.993643
41	29731nt, >EU371559.1... at +/0.997107
42	29731nt, >EU371560.1... at +/0.995157
43	29731nt, >AY515512.1... at +/0.98917
44	29730nt, >AY613948.1... at +/0.988126
45	29730nt, >AY568539.1... at +/0.983081
46	29730nt, >AY613949.1... at +/0.988194
47	29730nt, >AY613947.1... at +/0.988967
48	29729nt, >AY394986.1... at +/0.994517
49	29729nt, >AY502923.1... at +/0.997074
50	29729nt, >AY502926.1... at +/0.996569
51	29729nt, >AY502928.1... at +/0.997242
52	29729nt, >AY291451.1... at +/0.997242
53	29729nt, >AY502929.1... at +/0.997174
54	29729nt, >AY502930.1... at +/0.997141
55	29729nt, >AY502932.1... at +/0.997074
56	29729nt, >AY502927.1... at +/0.996569
57	29729nt, >AY502931.1... at +/0.997141
58	29728nt, >AY394850.2... at +/0.996737
59	29728nt, >AY613950.1... at +/0.987587
60	29727nt, >JQ316196.1... at +/0.997275
61	29727nt, >AY714217.1... at +/0.997275
62	29727nt, >AP006561.1... at +/0.997141
63	29727nt, >AP006560.1... at +/0.997141
64	29727nt, >AP006559.1... at +/0.997107
65	29727nt, >AP006557.1... at +/0.997208
66	29727nt, >AY278741.1... at +/0.997544
67	29727nt, >AY362699.1... at +/0.997242
68	29727nt, >JN854286.1... at +/0.997141
69	29727nt, >AY291315.1... at +/0.996468
70	29727nt, >MK062179.1... at +/0.997881
71	29727nt, >AY502924.1... at +/0.996939
72	29727nt, >DQ497008.1... at +/0.996972
73	29727nt, >MK062180.1... at +/0.997376
74	29727nt, >MK062181.1... at +/0.997645
75	29727nt, >MK062182.1... at +/0.997141
76	29725nt, >AY321118.1... at +/0.997275
77	29725nt, >AP006558.1... at +/0.99714
78	29725nt, >AY278488.2... at +/0.996367
79	29725nt, >AY559090.1... at +/0.995357
80	29723nt, >AY545914.1... at +/0.990243
81	29722nt, >AY559084.1... at +/0.996669
82	29721nt, >AY545916.1... at +/0.989132
83	29721nt, >FJ882951.1... at +/0.995525
84	29721nt, >FJ882962.1... at +/0.99539
85	29721nt, >FJ882942.1... at +/0.995323
86	29721nt, >FJ882959.1... at +/0.994987
87	29720nt, >AY559096.1... at +/0.996736
88	29720nt, >AY304495.1... at +/0.996635
89	29720nt, >FJ882957.1... at +/0.996837
90	29720nt, >FJ882952.1... at +/0.99677
91	29720nt, >FJ882961.1... at +/0.996703
92	29720nt, >FJ882948.1... at +/0.996736
93	29720nt, >FJ882958.1... at +/0.996703
94	29720nt, >FJ882945.1... at +/0.996736
95	29720nt, >FJ882943.1... at +/0.996467
96	29719nt, >AY559095.1... at +/0.996635
97	29717nt, >AY559089.1... at +/0.99078
98	29716nt, >AY559081.1... at +/0.997039
99	29716nt, >AY559087.1... at +/0.99687
100	29716nt, >AY595412.1... at +/0.995558
101	29715nt, >AY461660.1... at +/0.994817
102	29715nt, >AY297028.1... at +/0.995289
103	29714nt, >AY559088.1... at +/0.996433
104	29713nt, >AY559085.1... at +/0.996769
105	29713nt, >AY559092.1... at +/0.996332
106	29712nt, >AY559093.1... at +/0.996971
107	29711nt, >AY427439.1... at +/0.997341
108	29711nt, >AY283796.1... at +/0.997274
109	29711nt, >AY283794.1... at +/0.996331
110	29711nt, >AY283798.2... at +/0.996567
111	29710nt, >AY559091.1... at +/0.996096
112	29709nt, >AY394987.1... at +/0.996365
113	29706nt, >AY283797.1... at +/0.996634
114	29706nt, >DQ182595.1... at +/0.997071
115	29705nt, >AY283795.1... at +/0.996465
116	29699nt, >AY394983.1... at +/0.995892
117	29694nt, >FJ959407.1... at +/0.988247
118	29689nt, >KF514407.1... at +/0.992792
119	29688nt, >JX162087.1... at +/0.994846
120	29687nt, >FJ882938.1... at +/0.997305
121	29687nt, >FJ882927.1... at +/0.997272
122	29687nt, >FJ882930.1... at +/0.997069
123	29687nt, >FJ882928.1... at +/0.996867
124	29683nt, >AY394996.1... at +/0.994003
125	29683nt, >AY572038.1... at +/0.988916
126	29682nt, >FJ882963.1... at +/0.997136
127	29675nt, >FJ882926.1... at +/0.997068
128	29670nt, >AY559082.1... at +/0.99636
129	29665nt, >FJ882941.1... at +/0.995247
130	29665nt, >FJ882929.1... at +/0.996326
131	29661nt, >AY559086.1... at +/0.99737
132	29648nt, >FJ882933.1... at +/0.997268
133	29648nt, >FJ882937.1... at +/0.997234
134	29648nt, >FJ882953.1... at +/0.995784
135	29647nt, >AY395003.1... at +/0.99349
136	29647nt, >FJ882949.1... at +/0.997234
137	29647nt, >FJ882935.1... at +/0.997268
138	29647nt, >FJ882934.1... at +/0.997268
139	29647nt, >JF292922.1... at +/0.994704
140	29646nt, >JX163926.1... at +/0.997268
141	29646nt, >JX163927.1... at +/0.997167
142	29646nt, >JX163923.1... at +/0.997133
143	29646nt, >JX163925.1... at +/0.997099
144	29646nt, >JX163928.1... at +/0.997268
145	29646nt, >JX163924.1... at +/0.997234
146	29646nt, >FJ882936.1... at +/0.997268
147	29646nt, >FJ882932.1... at +/0.997234
148	29646nt, >FJ882939.1... at +/0.997234
149	29646nt, >JF292915.1... at +/0.996728
150	29646nt, >JF292909.1... at +/0.996762
151	29646nt, >HQ890541.1... at +/0.996762
152	29646nt, >HQ890538.1... at +/0.996492
153	29646nt, >JF292906.1... at +/0.996458
154	29646nt, >HQ890526.1... at +/0.996526
155	29646nt, >HQ890529.1... at +/0.996492
156	29646nt, >HQ890535.1... at +/0.996492
157	29646nt, >FJ882940.1... at +/0.996661
158	29646nt, >JF292905.1... at +/0.996458
159	29646nt, >FJ882931.1... at +/0.99548
160	29646nt, >FJ882955.1... at +/0.994974
161	29646nt, >FJ882960.1... at +/0.995851
162	29646nt, >FJ882950.1... at +/0.995784
163	29645nt, >AY394979.1... at +/0.99575
164	29645nt, >JF292903.1... at +/0.996458
165	29645nt, >HQ890531.1... at +/0.996492
166	29645nt, >HQ890532.1... at +/0.996526
167	29644nt, >GU553363.1... at +/0.996593
168	29644nt, >GU553365.1... at +/0.997166
169	29644nt, >FJ882956.1... at +/0.996323
170	29640nt, >AY394978.1... at +/0.996761
171	29636nt, >FJ882954.1... at +/0.995074
172	29632nt, >AB257344.1... at +/0.995579
173	29628nt, >FJ882944.1... at +/0.995342
174	29616nt, >FJ882947.1... at +/0.997265
175	29602nt, >EU371561.1... at +/0.994595
176	29602nt, >EU371563.1... at +/0.994595
177	29602nt, >EU371562.1... at +/0.993953
178	29601nt, >PP862722.1... at +/0.997264
179	29592nt, >AY463059.1... at +/0.994627
180	29577nt, >AY559094.1... at +/0.996822
181	29573nt, >AY348314.1... at +/0.997261
182	29573nt, >AY338174.1... at +/0.997362
183	29573nt, >AY338175.1... at +/0.997261
184	29540nt, >AY572034.1... at +/0.989777
185	29530nt, >AY394985.1... at +/0.995225
186	29525nt, >AY686864.1... at +/0.99055
187	29518nt, >AY572035.1... at +/0.990514
188	29512nt, >EU371564.1... at +/0.995358
189	29499nt, >AY686863.1... at +/0.990034
190	29461nt, >AY772062.1... at +/0.995723
191	29350nt, >AY394999.1... at +/0.996491
192	29350nt, >AY395002.1... at +/0.996491
193	29350nt, >AY395000.1... at +/0.996525
>Cluster 13
0	29855nt, >MN996532.2... *
>Cluster 14
0	29832nt, >MW251308.1... *
>Cluster 15
0	29823nt, >OR233302.1... *
>Cluster 16
0	29816nt, >OL674078.1... *
1	29803nt, >OL674077.1... at +/0.994598
2	29802nt, >OL674080.1... at +/0.994732
3	29780nt, >OL674076.1... at +/0.994963
4	29676nt, >OL674075.1... at +/0.998888
5	29645nt, >OL674079.1... at +/0.999831
6	29525nt, >OL674081.1... at +/0.999661
7	29385nt, >OL674074.1... at +/0.999966
>Cluster 17
0	29806nt, >MT040335.1... *
1	29805nt, >MT040333.1... at +/0.997383
2	29802nt, >MT040336.1... at +/0.998121
3	29801nt, >MT040334.1... at +/0.998658
4	29795nt, >MT072864.1... at +/0.998624
5	29729nt, >MW532698.1... at +/0.997645
>Cluster 18
0	29805nt, >KF569996.1... *
>Cluster 19
0	29802nt, >MG772933.1... *
>Cluster 20
0	29793nt, >MZ081381.1... *
>Cluster 21
0	29787nt, >KC881005.1... *
>Cluster 22
0	29782nt, >KY417146.1... *
>Cluster 23
0	29770nt, >KY417144.1... *
>Cluster 24
0	29769nt, >KY417152.1... *
>Cluster 25
0	29768nt, >OQ297708.1... *
1	29521nt, >MT121216.1... at +/0.998272
>Cluster 26
0	29765nt, >MW703458.1... *
>Cluster 27
0	29752nt, >OR261266.1... *
1	29741nt, >OR261268.1... at +/0.999899
2	29680nt, >OR261267.1... at +/0.999966
>Cluster 28
0	29751nt, >OR233322.1... *
1	29751nt, >OR233324.1... at +/0.999899
2	29751nt, >OR233323.1... at +/0.999933
>Cluster 29
0	29743nt, >KY417148.1... *
>Cluster 30
0	29743nt, >KY417149.1... *
>Cluster 31
0	29741nt, >KY417147.1... *
>Cluster 32
0	29741nt, >KY417143.1... *
>Cluster 33
0	29741nt, >DQ648857.1... *
>Cluster 34
0	29737nt, >MZ081379.1... *
>Cluster 35
0	29736nt, >DQ071615.1... *
>Cluster 36
0	29734nt, >PQ577588.1... *
1	29702nt, >PQ577589.1... at +/0.999663
>Cluster 37
0	29732nt, >MG772934.1... *
>Cluster 38
0	29730nt, >MT308984.1... *
>Cluster 39
0	29729nt, >OR233297.1... *
>Cluster 40
0	29725nt, >KY417142.1... *
>Cluster 41
0	29723nt, >KP886808.1... *
1	29723nt, >KP886809.1... at +/0.997712
>Cluster 42
0	29720nt, >OQ297702.1... *
>Cluster 43
0	29718nt, >LC556375.1... *
>Cluster 44
0	29718nt, >LC663793.1... *
>Cluster 45
0	29717nt, >MZ081382.1... *
>Cluster 46
0	29717nt, >OR233291.1... *
>Cluster 47
0	29712nt, >MZ081376.1... *
1	29712nt, >MZ081380.1... at +/0.999764
2	29712nt, >MZ081378.1... at +/0.999663
>Cluster 48
0	29710nt, >KY417145.1... *
>Cluster 49
0	29703nt, >OR233304.1... *
1	29703nt, >OR233292.1... at +/0.999293
>Cluster 50
0	29699nt, >OR233303.1... *
>Cluster 51
0	29698nt, >MK211375.1... *
>Cluster 52
0	29697nt, >PQ577581.1... *
1	29688nt, >PQ577587.1... at +/0.994375
2	29670nt, >PQ577579.1... at +/0.984665
3	29654nt, >PQ577582.1... at +/0.999798
4	29622nt, >OM240725.1... at +/0.999797
>Cluster 53
0	29694nt, >OK287355.1... *
>Cluster 54
0	29693nt, >OR261264.1... *
1	29463nt, >OR261265.1... at +/0.998778
>Cluster 55
0	29693nt, >OR233314.1... *
1	29693nt, >OR233312.1... at +/0.999966
2	29693nt, >OR233301.1... at +/0.999427
3	29693nt, >OR233311.1... at +/0.999427
4	29693nt, >OR233313.1... at +/0.999495
>Cluster 56
0	29689nt, >MK211377.1... *
>Cluster 57
0	29689nt, >OQ503501.1... *
>Cluster 58
0	29688nt, >OR233296.1... *
1	29682nt, >OR233308.1... at +/0.999798
>Cluster 59
0	29688nt, >OR233293.1... *
>Cluster 60
0	29688nt, >KY770858.1... *
1	29667nt, >KY770859.1... at +/0.999191
>Cluster 61
0	29682nt, >OR233294.1... *
1	29682nt, >OR233310.1... at +/0.999562
>Cluster 62
0	29677nt, >OR261263.1... *
>Cluster 63
0	29674nt, >OQ503502.1... *
>Cluster 64
0	29671nt, >OR233319.1... *
1	29671nt, >OR233320.1... at +/0.999697
2	29671nt, >OR233300.1... at +/0.999663
3	29671nt, >OR233316.1... at +/0.999596
4	29671nt, >OR233318.1... at +/0.999629
5	29671nt, >OR233321.1... at +/0.999562
6	29671nt, >OR233317.1... at +/0.998652
>Cluster 65
0	29668nt, >OR233298.1... *
>Cluster 66
0	29668nt, >OR233299.1... *
>Cluster 67
0	29658nt, >KJ473814.1... *
>Cluster 68
0	29648nt, >OQ503497.1... *
>Cluster 69
0	29627nt, >MZ328294.1... *
>Cluster 70
0	29620nt, >PQ577583.1... *
>Cluster 71
0	29617nt, >OK017806.1... *
>Cluster 72
0	29602nt, >OR233295.1... *
>Cluster 73
0	29601nt, >OK017803.1... *
1	29592nt, >OK017804.1... at +/0.999865
>Cluster 74
0	29571nt, >OK017805.1... *
>Cluster 75
0	29552nt, >OK017801.1... *
>Cluster 76
0	29552nt, >OK017820.1... *
1	29550nt, >OK017821.1... at +/0.998782
2	29550nt, >OK017816.1... at +/0.999865
3	29550nt, >OK017817.1... at +/0.999898
4	29550nt, >OK017814.1... at +/0.998139
5	29550nt, >OK017815.1... at +/0.998849
>Cluster 77
0	29550nt, >OK017837.1... *
>Cluster 78
0	29550nt, >OK017828.1... *
>Cluster 79
0	29547nt, >OK017827.1... *
>Cluster 80
0	29544nt, >OK017802.1... *
>Cluster 81
0	29541nt, >OK017835.1... *
>Cluster 82
0	29541nt, >OK017860.1... *
>Cluster 83
0	29537nt, >OK017840.1... *
>Cluster 84
0	29537nt, >OK017792.1... *
>Cluster 85
0	29537nt, >OK017843.1... *
>Cluster 86
0	29537nt, >OK017813.1... *
1	29537nt, >OK017819.1... at +/0.999865
>Cluster 87
0	29537nt, >OK017824.1... *
1	29512nt, >OK017822.1... at +/0.983159
>Cluster 88
0	29535nt, >OK017836.1... *
>Cluster 89
0	29534nt, >OK017833.1... *
>Cluster 90
0	29528nt, >OK287354.1... *
>Cluster 91
0	29528nt, >OK017839.1... *
>Cluster 92
0	29528nt, >OK017834.1... *
>Cluster 93
0	29517nt, >OK017832.1... *
>Cluster 94
0	29510nt, >OK017809.1... *
>Cluster 95
0	29507nt, >OK017859.1... *
>Cluster 96
0	29485nt, >OK017858.1... *
>Cluster 97
0	29484nt, >JX993987.1... *
>Cluster 98
0	29482nt, >OK017838.1... *
>Cluster 99
0	29476nt, >OR261262.1... *
>Cluster 100
0	29465nt, >OK017807.1... *
>Cluster 101
0	29454nt, >OK017811.1... *
1	29439nt, >OK017810.1... at +/0.979483
>Cluster 102
0	29452nt, >JX993988.1... *
>Cluster 103
0	29426nt, >OK017846.1... *
>Cluster 104
0	29392nt, >OK017829.1... *
>Cluster 105
0	29381nt, >OK017831.1... *
>Cluster 106
0	29369nt, >OK017853.1... *
1	29369nt, >OK017855.1... at +/0.99983
2	29368nt, >OK017854.1... at +/0.99983
3	29365nt, >OK017852.1... at +/0.999694
4	29183nt, >OK017857.1... at +/0.99952
5	29134nt, >OK017856.1... at +/0.999451
>Cluster 107
0	29350nt, >OK017841.1... *
>Cluster 108
0	29337nt, >OK017842.1... *
>Cluster 109
0	29329nt, >OK017830.1... *
>Cluster 110
0	29310nt, >OK017793.1... *
>Cluster 111
0	29161nt, >KJ473815.1... *
>Cluster 112
0	29142nt, >KJ473816.1... *
>Cluster 113
0	27112nt, >OK017845.1... *
